2024-07-26 21:21:11,993 - INFO - HTTP Request: POST http://testserver/api/v1/signup "HTTP/1.1 400 Bad Request"
2024-07-26 21:21:12,429 - INFO - HTTP Request: POST http://testserver/api/v1/signup "HTTP/1.1 200 OK"
2024-07-26 21:21:12,664 - INFO - HTTP Request: GET http://testserver/api/v1/token-verify "HTTP/1.1 403 Forbidden"
2024-07-26 21:21:12,673 - INFO - HTTP Request: POST http://testserver/api/v1/token-verify "HTTP/1.1 405 Method Not Allowed"
2024-07-26 21:22:09,372 - INFO - HTTP Request: POST http://testserver/api/v1/signup "HTTP/1.1 400 Bad Request"
2024-07-26 21:22:09,601 - INFO - HTTP Request: POST http://testserver/api/v1/signup "HTTP/1.1 200 OK"
2024-07-26 21:22:09,704 - INFO - HTTP Request: GET http://testserver/api/v1/token-verify "HTTP/1.1 403 Forbidden"
2024-07-26 21:22:09,708 - INFO - HTTP Request: POST http://testserver/api/v1/token-verify "HTTP/1.1 405 Method Not Allowed"
2024-07-26 21:23:25,665 - INFO - HTTP Request: POST http://testserver/api/v1/signup "HTTP/1.1 400 Bad Request"
2024-07-26 21:23:25,961 - INFO - HTTP Request: POST http://testserver/api/v1/signup "HTTP/1.1 200 OK"
2024-07-26 21:23:26,125 - INFO - HTTP Request: GET http://testserver/api/v1/token-verify "HTTP/1.1 403 Forbidden"
2024-07-26 21:23:26,130 - INFO - HTTP Request: POST http://testserver/api/v1/token-verify "HTTP/1.1 405 Method Not Allowed"
2024-07-26 21:24:17,506 - INFO - HTTP Request: POST http://testserver/api/v1/signup "HTTP/1.1 400 Bad Request"
2024-07-26 21:24:17,761 - INFO - HTTP Request: POST http://testserver/api/v1/signup "HTTP/1.1 200 OK"
2024-07-26 21:24:18,111 - INFO - HTTP Request: GET http://testserver/api/v1/token-verify "HTTP/1.1 403 Forbidden"
2024-07-26 21:24:18,116 - INFO - HTTP Request: POST http://testserver/api/v1/token-verify "HTTP/1.1 405 Method Not Allowed"
2024-07-26 21:24:18,142 - INFO - HTTP Request: POST http://testserver/api/v1/login "HTTP/1.1 422 Unprocessable Entity"
2024-07-26 21:24:48,428 - INFO - HTTP Request: POST http://testserver/api/v1/signup "HTTP/1.1 400 Bad Request"
2024-07-26 21:24:48,732 - INFO - HTTP Request: POST http://testserver/api/v1/signup "HTTP/1.1 200 OK"
2024-07-26 21:24:49,095 - INFO - HTTP Request: POST http://testserver/api/v1/signup "HTTP/1.1 422 Unprocessable Entity"
2024-07-26 21:24:49,259 - INFO - HTTP Request: GET http://testserver/api/v1/token-verify "HTTP/1.1 403 Forbidden"
2024-07-26 21:24:49,268 - INFO - HTTP Request: POST http://testserver/api/v1/token-verify "HTTP/1.1 405 Method Not Allowed"
2024-07-26 21:24:49,298 - INFO - HTTP Request: POST http://testserver/api/v1/login "HTTP/1.1 422 Unprocessable Entity"
2024-07-26 21:24:59,286 - INFO - HTTP Request: POST http://testserver/api/v1/signup "HTTP/1.1 400 Bad Request"
2024-07-26 21:24:59,575 - INFO - HTTP Request: POST http://testserver/api/v1/signup "HTTP/1.1 200 OK"
2024-07-26 21:24:59,953 - INFO - HTTP Request: POST http://testserver/api/v1/signup "HTTP/1.1 422 Unprocessable Entity"
2024-07-26 21:25:00,238 - INFO - HTTP Request: POST http://testserver/api/v1/signup "HTTP/1.1 422 Unprocessable Entity"
2024-07-26 21:25:00,272 - INFO - HTTP Request: POST http://testserver/api/v1/otp-verify "HTTP/1.1 400 Bad Request"
2024-07-26 21:25:00,303 - INFO - HTTP Request: POST http://testserver/api/v1/otp-verify "HTTP/1.1 200 OK"
2024-07-26 21:25:00,313 - INFO - HTTP Request: GET http://testserver/api/v1/token-verify "HTTP/1.1 403 Forbidden"
2024-07-26 21:25:00,327 - INFO - HTTP Request: POST http://testserver/api/v1/token-verify "HTTP/1.1 405 Method Not Allowed"
2024-07-26 21:25:00,390 - INFO - HTTP Request: POST http://testserver/api/v1/login "HTTP/1.1 422 Unprocessable Entity"
2024-07-26 21:27:15,856 - INFO - HTTP Request: POST http://testserver/api/v1/signup "HTTP/1.1 400 Bad Request"
2024-07-26 21:27:16,083 - INFO - HTTP Request: POST http://testserver/api/v1/signup "HTTP/1.1 200 OK"
2024-07-26 21:27:16,322 - INFO - HTTP Request: POST http://testserver/api/v1/signup "HTTP/1.1 422 Unprocessable Entity"
2024-07-26 21:27:16,380 - INFO - HTTP Request: POST http://testserver/api/v1/signup "HTTP/1.1 422 Unprocessable Entity"
2024-07-26 21:27:16,394 - INFO - HTTP Request: POST http://testserver/api/v1/otp-verify "HTTP/1.1 400 Bad Request"
2024-07-26 21:27:16,409 - INFO - HTTP Request: POST http://testserver/api/v1/otp-verify "HTTP/1.1 200 OK"
2024-07-26 21:27:16,415 - INFO - HTTP Request: GET http://testserver/api/v1/token-verify "HTTP/1.1 403 Forbidden"
2024-07-26 21:27:16,418 - INFO - HTTP Request: POST http://testserver/api/v1/token-verify "HTTP/1.1 405 Method Not Allowed"
2024-07-26 21:27:16,443 - INFO - HTTP Request: POST http://testserver/api/v1/login "HTTP/1.1 422 Unprocessable Entity"
2024-07-26 21:28:09,634 - INFO - HTTP Request: POST http://testserver/api/v1/signup "HTTP/1.1 400 Bad Request"
2024-07-26 21:28:09,892 - INFO - HTTP Request: POST http://testserver/api/v1/signup "HTTP/1.1 200 OK"
2024-07-26 21:28:10,164 - INFO - HTTP Request: POST http://testserver/api/v1/signup "HTTP/1.1 422 Unprocessable Entity"
2024-07-26 21:28:10,231 - INFO - HTTP Request: POST http://testserver/api/v1/signup "HTTP/1.1 422 Unprocessable Entity"
2024-07-26 21:28:10,253 - INFO - HTTP Request: POST http://testserver/api/v1/otp-verify "HTTP/1.1 400 Bad Request"
2024-07-26 21:28:10,269 - INFO - HTTP Request: POST http://testserver/api/v1/otp-verify "HTTP/1.1 200 OK"
2024-07-26 21:28:10,276 - INFO - HTTP Request: GET http://testserver/api/v1/token-verify "HTTP/1.1 403 Forbidden"
2024-07-26 21:28:10,285 - INFO - HTTP Request: GET http://testserver/api/v1/token-verify "HTTP/1.1 403 Forbidden"
2024-07-26 21:28:10,297 - INFO - HTTP Request: POST http://testserver/api/v1/login "HTTP/1.1 422 Unprocessable Entity"
2024-07-26 21:30:03,128 - INFO - HTTP Request: POST http://testserver/api/v1/signup "HTTP/1.1 400 Bad Request"
2024-07-26 21:30:03,401 - INFO - HTTP Request: POST http://testserver/api/v1/signup "HTTP/1.1 200 OK"
2024-07-26 21:30:03,681 - INFO - HTTP Request: POST http://testserver/api/v1/signup "HTTP/1.1 422 Unprocessable Entity"
2024-07-26 21:30:03,744 - INFO - HTTP Request: POST http://testserver/api/v1/signup "HTTP/1.1 422 Unprocessable Entity"
2024-07-26 21:30:03,764 - INFO - HTTP Request: POST http://testserver/api/v1/otp-verify "HTTP/1.1 400 Bad Request"
2024-07-26 21:30:03,781 - INFO - HTTP Request: POST http://testserver/api/v1/otp-verify "HTTP/1.1 200 OK"
2024-07-26 21:30:03,788 - INFO - HTTP Request: GET http://testserver/api/v1/token-verify "HTTP/1.1 403 Forbidden"
2024-07-26 21:30:03,795 - INFO - HTTP Request: GET http://testserver/api/v1/token-verify "HTTP/1.1 403 Forbidden"
2024-07-26 21:30:03,808 - INFO - HTTP Request: POST http://testserver/api/v1/login "HTTP/1.1 422 Unprocessable Entity"
2024-07-26 21:32:32,024 - INFO - HTTP Request: POST http://testserver/api/v1/signup "HTTP/1.1 400 Bad Request"
2024-07-26 21:32:32,268 - INFO - HTTP Request: POST http://testserver/api/v1/signup "HTTP/1.1 200 OK"
2024-07-26 21:32:32,515 - INFO - HTTP Request: POST http://testserver/api/v1/signup "HTTP/1.1 422 Unprocessable Entity"
2024-07-26 21:32:32,572 - INFO - HTTP Request: POST http://testserver/api/v1/signup "HTTP/1.1 422 Unprocessable Entity"
2024-07-26 21:32:32,590 - INFO - HTTP Request: POST http://testserver/api/v1/otp-verify "HTTP/1.1 400 Bad Request"
2024-07-26 21:32:32,603 - INFO - HTTP Request: POST http://testserver/api/v1/otp-verify "HTTP/1.1 200 OK"
2024-07-26 21:32:32,608 - INFO - HTTP Request: GET http://testserver/api/v1/token-verify "HTTP/1.1 403 Forbidden"
2024-07-26 21:32:32,615 - INFO - HTTP Request: GET http://testserver/api/v1/token-verify "HTTP/1.1 403 Forbidden"
2024-07-26 21:32:32,624 - INFO - HTTP Request: POST http://testserver/api/v1/login "HTTP/1.1 422 Unprocessable Entity"
2024-07-26 21:42:04,982 - INFO - HTTP Request: POST http://testserver/api/v1/signup "HTTP/1.1 400 Bad Request"
2024-07-26 21:42:05,210 - INFO - HTTP Request: POST http://testserver/api/v1/signup "HTTP/1.1 200 OK"
2024-07-26 21:42:05,537 - INFO - HTTP Request: GET http://testserver/api/v1/token-verify "HTTP/1.1 403 Forbidden"
2024-07-26 21:42:05,541 - INFO - HTTP Request: GET http://testserver/api/v1/token-verify "HTTP/1.1 403 Forbidden"
2024-07-26 21:42:05,551 - INFO - HTTP Request: POST http://testserver/api/v1/login "HTTP/1.1 422 Unprocessable Entity"
2024-07-26 21:42:46,970 - INFO - HTTP Request: POST http://testserver/api/v1/signup "HTTP/1.1 400 Bad Request"
2024-07-26 21:42:47,197 - INFO - HTTP Request: POST http://testserver/api/v1/signup "HTTP/1.1 200 OK"
2024-07-26 21:42:47,434 - INFO - HTTP Request: POST http://testserver/api/v1/signup "HTTP/1.1 422 Unprocessable Entity"
2024-07-26 21:42:47,489 - INFO - HTTP Request: POST http://testserver/api/v1/signup "HTTP/1.1 422 Unprocessable Entity"
2024-07-26 21:42:47,508 - INFO - HTTP Request: POST http://testserver/api/v1/otp-verify "HTTP/1.1 400 Bad Request"
2024-07-26 21:42:47,522 - INFO - HTTP Request: POST http://testserver/api/v1/otp-verify "HTTP/1.1 200 OK"
2024-07-26 21:42:47,529 - INFO - HTTP Request: GET http://testserver/api/v1/token-verify "HTTP/1.1 403 Forbidden"
2024-07-26 21:42:47,536 - INFO - HTTP Request: GET http://testserver/api/v1/token-verify "HTTP/1.1 403 Forbidden"
2024-07-26 21:42:47,544 - INFO - HTTP Request: POST http://testserver/api/v1/login "HTTP/1.1 422 Unprocessable Entity"
2024-07-26 21:43:59,592 - INFO - HTTP Request: POST http://testserver/api/v1/signup "HTTP/1.1 400 Bad Request"
2024-07-26 21:43:59,839 - INFO - HTTP Request: POST http://testserver/api/v1/signup "HTTP/1.1 200 OK"
2024-07-26 21:44:00,131 - INFO - HTTP Request: POST http://testserver/api/v1/signup "HTTP/1.1 422 Unprocessable Entity"
2024-07-26 21:44:00,211 - INFO - HTTP Request: POST http://testserver/api/v1/otp-verify "HTTP/1.1 400 Bad Request"
2024-07-26 21:44:00,223 - INFO - HTTP Request: POST http://testserver/api/v1/otp-verify "HTTP/1.1 200 OK"
2024-07-26 21:44:00,229 - INFO - HTTP Request: GET http://testserver/api/v1/token-verify "HTTP/1.1 403 Forbidden"
2024-07-26 21:44:00,236 - INFO - HTTP Request: GET http://testserver/api/v1/token-verify "HTTP/1.1 403 Forbidden"
2024-07-26 21:44:00,248 - INFO - HTTP Request: POST http://testserver/api/v1/login "HTTP/1.1 422 Unprocessable Entity"
2024-07-26 21:45:23,249 - INFO - HTTP Request: POST http://testserver/api/v1/signup "HTTP/1.1 400 Bad Request"
2024-07-26 21:45:23,531 - INFO - HTTP Request: POST http://testserver/api/v1/signup "HTTP/1.1 200 OK"
2024-07-26 21:45:23,825 - INFO - HTTP Request: POST http://testserver/api/v1/signup "HTTP/1.1 422 Unprocessable Entity"
2024-07-26 21:45:23,904 - INFO - HTTP Request: POST http://testserver/api/v1/otp-verify "HTTP/1.1 400 Bad Request"
2024-07-26 21:45:23,920 - INFO - HTTP Request: POST http://testserver/api/v1/otp-verify "HTTP/1.1 200 OK"
2024-07-26 21:45:23,926 - INFO - HTTP Request: GET http://testserver/api/v1/token-verify "HTTP/1.1 403 Forbidden"
2024-07-26 21:45:23,934 - INFO - HTTP Request: GET http://testserver/api/v1/token-verify "HTTP/1.1 403 Forbidden"
2024-07-26 21:45:23,945 - INFO - HTTP Request: POST http://testserver/api/v1/login "HTTP/1.1 422 Unprocessable Entity"
2024-07-26 21:46:25,477 - INFO - HTTP Request: POST http://testserver/api/v1/signup "HTTP/1.1 400 Bad Request"
2024-07-26 21:46:25,711 - INFO - HTTP Request: POST http://testserver/api/v1/signup "HTTP/1.1 200 OK"
2024-07-26 21:46:25,965 - INFO - HTTP Request: POST http://testserver/api/v1/signup "HTTP/1.1 422 Unprocessable Entity"
2024-07-26 21:46:26,040 - INFO - HTTP Request: POST http://testserver/api/v1/otp-verify "HTTP/1.1 400 Bad Request"
2024-07-26 21:46:26,054 - INFO - HTTP Request: POST http://testserver/api/v1/otp-verify "HTTP/1.1 200 OK"
2024-07-26 21:46:26,060 - INFO - HTTP Request: GET http://testserver/api/v1/token-verify "HTTP/1.1 403 Forbidden"
2024-07-26 21:46:26,067 - INFO - HTTP Request: GET http://testserver/api/v1/token-verify "HTTP/1.1 403 Forbidden"
2024-07-26 21:46:26,077 - INFO - HTTP Request: POST http://testserver/api/v1/login "HTTP/1.1 422 Unprocessable Entity"
2024-07-26 21:47:04,803 - INFO - HTTP Request: POST http://testserver/api/v1/signup "HTTP/1.1 400 Bad Request"
2024-07-26 21:47:05,057 - INFO - HTTP Request: POST http://testserver/api/v1/signup "HTTP/1.1 200 OK"
2024-07-26 21:47:05,339 - INFO - HTTP Request: POST http://testserver/api/v1/signup "HTTP/1.1 422 Unprocessable Entity"
2024-07-26 21:47:05,430 - INFO - HTTP Request: POST http://testserver/api/v1/otp-verify "HTTP/1.1 400 Bad Request"
2024-07-26 21:47:05,443 - INFO - HTTP Request: POST http://testserver/api/v1/otp-verify "HTTP/1.1 200 OK"
2024-07-26 21:47:05,451 - INFO - HTTP Request: GET http://testserver/api/v1/token-verify "HTTP/1.1 403 Forbidden"
2024-07-26 21:47:05,462 - INFO - HTTP Request: GET http://testserver/api/v1/token-verify "HTTP/1.1 403 Forbidden"
2024-07-26 21:47:05,927 - INFO - HTTP Request: POST http://testserver/api/v1/login "HTTP/1.1 200 OK"
2024-07-26 21:53:20,142 - INFO - HTTP Request: GET http://testserver/api/v1/token-verify "HTTP/1.1 403 Forbidden"
2024-07-26 21:53:20,147 - INFO - HTTP Request: GET http://testserver/api/v1/token-verify "HTTP/1.1 403 Forbidden"
2024-07-26 21:54:06,170 - INFO - HTTP Request: POST http://testserver/api/v1/signup "HTTP/1.1 400 Bad Request"
2024-07-26 21:54:06,409 - INFO - HTTP Request: POST http://testserver/api/v1/signup "HTTP/1.1 200 OK"
2024-07-26 21:54:06,640 - INFO - HTTP Request: POST http://testserver/api/v1/signup "HTTP/1.1 422 Unprocessable Entity"
2024-07-26 21:54:06,723 - INFO - HTTP Request: POST http://testserver/api/v1/otp-verify "HTTP/1.1 400 Bad Request"
2024-07-26 21:54:06,733 - INFO - HTTP Request: POST http://testserver/api/v1/otp-verify "HTTP/1.1 200 OK"
2024-07-26 21:54:06,739 - INFO - HTTP Request: GET http://testserver/api/v1/token-verify "HTTP/1.1 403 Forbidden"
2024-07-26 21:54:06,746 - INFO - HTTP Request: GET http://testserver/api/v1/token-verify "HTTP/1.1 403 Forbidden"
2024-07-26 21:54:06,978 - INFO - HTTP Request: POST http://testserver/api/v1/login "HTTP/1.1 200 OK"
2024-07-26 21:54:06,988 - INFO - HTTP Request: GET http://testserver/api/v1/token-verify "HTTP/1.1 200 OK"
2024-07-26 21:57:27,765 - INFO - HTTP Request: POST http://testserver/api/v1/signup "HTTP/1.1 400 Bad Request"
2024-07-26 21:57:27,993 - INFO - HTTP Request: POST http://testserver/api/v1/signup "HTTP/1.1 200 OK"
2024-07-26 21:57:28,233 - INFO - HTTP Request: POST http://testserver/api/v1/signup "HTTP/1.1 422 Unprocessable Entity"
2024-07-26 21:57:28,287 - INFO - HTTP Request: POST http://testserver/api/v1/signup "HTTP/1.1 422 Unprocessable Entity"
2024-07-26 21:57:28,306 - INFO - HTTP Request: POST http://testserver/api/v1/otp-verify "HTTP/1.1 400 Bad Request"
2024-07-26 21:57:28,318 - INFO - HTTP Request: POST http://testserver/api/v1/otp-verify "HTTP/1.1 200 OK"
2024-07-26 21:57:28,324 - INFO - HTTP Request: GET http://testserver/api/v1/token-verify "HTTP/1.1 403 Forbidden"
2024-07-26 21:57:28,329 - INFO - HTTP Request: GET http://testserver/api/v1/token-verify "HTTP/1.1 403 Forbidden"
2024-07-26 21:57:28,569 - INFO - HTTP Request: POST http://testserver/api/v1/login "HTTP/1.1 200 OK"
2024-07-26 21:57:28,581 - INFO - HTTP Request: GET http://testserver/api/v1/token-verify "HTTP/1.1 200 OK"
2024-07-26 22:00:13,350 - INFO - HTTP Request: POST http://testserver/api/v1/signup "HTTP/1.1 400 Bad Request"
2024-07-26 22:00:13,613 - INFO - HTTP Request: POST http://testserver/api/v1/signup "HTTP/1.1 200 OK"
2024-07-26 22:00:13,919 - INFO - HTTP Request: POST http://testserver/api/v1/signup "HTTP/1.1 422 Unprocessable Entity"
2024-07-26 22:00:14,307 - INFO - HTTP Request: POST http://testserver/api/v1/otp-verify "HTTP/1.1 400 Bad Request"
2024-07-26 22:00:14,321 - INFO - HTTP Request: POST http://testserver/api/v1/otp-verify "HTTP/1.1 200 OK"
2024-07-26 22:00:14,328 - INFO - HTTP Request: GET http://testserver/api/v1/token-verify "HTTP/1.1 403 Forbidden"
2024-07-26 22:00:14,337 - INFO - HTTP Request: GET http://testserver/api/v1/token-verify "HTTP/1.1 403 Forbidden"
2024-07-26 22:00:14,643 - INFO - HTTP Request: POST http://testserver/api/v1/login "HTTP/1.1 200 OK"
2024-07-26 22:00:14,650 - INFO - HTTP Request: GET http://testserver/api/v1/token-verify "HTTP/1.1 200 OK"
2024-07-26 22:01:30,697 - INFO - HTTP Request: POST http://testserver/api/v1/signup "HTTP/1.1 400 Bad Request"
2024-07-26 22:01:30,932 - INFO - HTTP Request: POST http://testserver/api/v1/signup "HTTP/1.1 200 OK"
2024-07-26 22:01:31,173 - INFO - HTTP Request: POST http://testserver/api/v1/signup "HTTP/1.1 422 Unprocessable Entity"
2024-07-26 22:01:31,229 - INFO - HTTP Request: POST http://testserver/api/v1/signup "HTTP/1.1 422 Unprocessable Entity"
2024-07-26 22:01:31,245 - INFO - HTTP Request: POST http://testserver/api/v1/otp-verify "HTTP/1.1 400 Bad Request"
2024-07-26 22:01:31,258 - INFO - HTTP Request: POST http://testserver/api/v1/otp-verify "HTTP/1.1 200 OK"
2024-07-26 22:01:31,263 - INFO - HTTP Request: GET http://testserver/api/v1/token-verify "HTTP/1.1 403 Forbidden"
2024-07-26 22:01:31,269 - INFO - HTTP Request: GET http://testserver/api/v1/token-verify "HTTP/1.1 403 Forbidden"
2024-07-26 22:01:31,490 - INFO - HTTP Request: POST http://testserver/api/v1/login "HTTP/1.1 200 OK"
2024-07-26 22:01:31,497 - INFO - HTTP Request: GET http://testserver/api/v1/token-verify "HTTP/1.1 200 OK"
2024-07-26 22:02:36,006 - INFO - HTTP Request: POST http://testserver/api/v1/signup "HTTP/1.1 400 Bad Request"
2024-07-26 22:02:36,255 - INFO - HTTP Request: POST http://testserver/api/v1/signup "HTTP/1.1 200 OK"
2024-07-26 22:02:36,511 - INFO - HTTP Request: POST http://testserver/api/v1/signup "HTTP/1.1 422 Unprocessable Entity"
2024-07-26 22:02:36,573 - INFO - HTTP Request: POST http://testserver/api/v1/signup "HTTP/1.1 422 Unprocessable Entity"
2024-07-26 22:02:36,588 - INFO - HTTP Request: POST http://testserver/api/v1/otp-verify "HTTP/1.1 400 Bad Request"
2024-07-26 22:02:36,602 - INFO - HTTP Request: POST http://testserver/api/v1/otp-verify "HTTP/1.1 200 OK"
2024-07-26 22:02:36,607 - INFO - HTTP Request: GET http://testserver/api/v1/token-verify "HTTP/1.1 403 Forbidden"
2024-07-26 22:02:36,614 - INFO - HTTP Request: GET http://testserver/api/v1/token-verify "HTTP/1.1 403 Forbidden"
2024-07-26 22:02:36,875 - INFO - HTTP Request: POST http://testserver/api/v1/login "HTTP/1.1 200 OK"
2024-07-26 22:02:36,882 - INFO - HTTP Request: GET http://testserver/api/v1/token-verify "HTTP/1.1 200 OK"
2024-07-26 22:05:31,642 - INFO - HTTP Request: POST http://testserver/api/v1/signup "HTTP/1.1 400 Bad Request"
2024-07-26 22:05:31,878 - INFO - HTTP Request: POST http://testserver/api/v1/signup "HTTP/1.1 200 OK"
2024-07-26 22:05:32,332 - INFO - HTTP Request: POST http://testserver/api/v1/login "HTTP/1.1 400 Bad Request"
2024-07-26 22:05:32,557 - INFO - HTTP Request: POST http://testserver/api/v1/login "HTTP/1.1 200 OK"
2024-07-26 22:05:32,568 - INFO - HTTP Request: POST http://testserver/api/v1/otp-verify "HTTP/1.1 400 Bad Request"
2024-07-26 22:05:32,582 - INFO - HTTP Request: POST http://testserver/api/v1/otp-verify "HTTP/1.1 200 OK"
2024-07-26 22:05:32,588 - INFO - HTTP Request: GET http://testserver/api/v1/token-verify "HTTP/1.1 403 Forbidden"
2024-07-26 22:05:32,593 - INFO - HTTP Request: GET http://testserver/api/v1/token-verify "HTTP/1.1 403 Forbidden"
2024-07-26 22:05:32,806 - INFO - HTTP Request: POST http://testserver/api/v1/login "HTTP/1.1 200 OK"
2024-07-26 22:05:32,813 - INFO - HTTP Request: GET http://testserver/api/v1/token-verify "HTTP/1.1 200 OK"
2024-07-26 22:17:53,252 - INFO - HTTP Request: POST http://testserver/api/v1/signup "HTTP/1.1 400 Bad Request"
2024-07-26 22:17:53,483 - INFO - HTTP Request: POST http://testserver/api/v1/signup "HTTP/1.1 200 OK"
2024-07-26 22:17:53,925 - INFO - HTTP Request: POST http://testserver/api/v1/login "HTTP/1.1 400 Bad Request"
2024-07-26 22:17:54,151 - INFO - HTTP Request: POST http://testserver/api/v1/login "HTTP/1.1 200 OK"
2024-07-26 22:17:54,162 - INFO - HTTP Request: POST http://testserver/api/v1/otp-verify "HTTP/1.1 400 Bad Request"
2024-07-26 22:17:54,176 - INFO - HTTP Request: POST http://testserver/api/v1/otp-verify "HTTP/1.1 200 OK"
2024-07-26 22:17:54,182 - INFO - HTTP Request: GET http://testserver/api/v1/token-verify "HTTP/1.1 403 Forbidden"
2024-07-26 22:17:54,188 - INFO - HTTP Request: GET http://testserver/api/v1/token-verify "HTTP/1.1 403 Forbidden"
2024-07-26 22:17:54,400 - INFO - HTTP Request: POST http://testserver/api/v1/login "HTTP/1.1 200 OK"
2024-07-26 22:17:54,407 - INFO - HTTP Request: GET http://testserver/api/v1/token-verify "HTTP/1.1 200 OK"
2024-07-26 22:18:12,646 - INFO - HTTP Request: POST http://testserver/api/v1/signup "HTTP/1.1 400 Bad Request"
2024-07-26 22:18:12,874 - INFO - HTTP Request: POST http://testserver/api/v1/signup "HTTP/1.1 200 OK"
2024-07-26 22:18:13,356 - INFO - HTTP Request: POST http://testserver/api/v1/login "HTTP/1.1 400 Bad Request"
2024-07-26 22:18:13,582 - INFO - HTTP Request: POST http://testserver/api/v1/login "HTTP/1.1 200 OK"
2024-07-26 22:18:13,594 - INFO - HTTP Request: POST http://testserver/api/v1/otp-verify "HTTP/1.1 400 Bad Request"
2024-07-26 22:18:13,611 - INFO - HTTP Request: POST http://testserver/api/v1/otp-verify "HTTP/1.1 200 OK"
2024-07-26 22:18:13,618 - INFO - HTTP Request: GET http://testserver/api/v1/token-verify "HTTP/1.1 403 Forbidden"
2024-07-26 22:18:13,627 - INFO - HTTP Request: GET http://testserver/api/v1/token-verify "HTTP/1.1 403 Forbidden"
2024-07-26 22:18:13,897 - INFO - HTTP Request: POST http://testserver/api/v1/login "HTTP/1.1 200 OK"
2024-07-26 22:18:13,905 - INFO - HTTP Request: GET http://testserver/api/v1/token-verify "HTTP/1.1 200 OK"
2024-07-26 22:22:09,183 - INFO - HTTP Request: POST http://testserver/api/v1/signup "HTTP/1.1 400 Bad Request"
2024-07-26 22:22:09,423 - INFO - HTTP Request: POST http://testserver/api/v1/signup "HTTP/1.1 200 OK"
2024-07-26 22:22:10,020 - INFO - HTTP Request: POST http://testserver/api/v1/login "HTTP/1.1 400 Bad Request"
2024-07-26 22:22:10,316 - INFO - HTTP Request: POST http://testserver/api/v1/login "HTTP/1.1 200 OK"
2024-07-26 22:22:10,330 - INFO - HTTP Request: POST http://testserver/api/v1/otp-verify "HTTP/1.1 400 Bad Request"
2024-07-26 22:22:10,343 - INFO - HTTP Request: POST http://testserver/api/v1/otp-verify "HTTP/1.1 200 OK"
2024-07-26 22:22:10,349 - INFO - HTTP Request: GET http://testserver/api/v1/token-verify "HTTP/1.1 403 Forbidden"
2024-07-26 22:22:10,356 - INFO - HTTP Request: GET http://testserver/api/v1/token-verify "HTTP/1.1 403 Forbidden"
2024-07-26 22:22:10,609 - INFO - HTTP Request: POST http://testserver/api/v1/login "HTTP/1.1 200 OK"
2024-07-26 22:22:10,617 - INFO - HTTP Request: GET http://testserver/api/v1/token-verify "HTTP/1.1 200 OK"
